0 info it worked if it ends with ok
1 verbose cli [ 'C:\\Program Files\\nodejs\\node.exe',
1 verbose cli   'C:\\Program Files\\nodejs\\node_modules\\npm\\bin\\npm-cli.js',
1 verbose cli   'run',
1 verbose cli   'start' ]
2 info using npm@3.10.10
3 info using node@v6.10.0
4 verbose run-script [ 'prestart', 'start', 'poststart' ]
5 info lifecycle tbd@1.0.0~prestart: tbd@1.0.0
6 silly lifecycle tbd@1.0.0~prestart: no script for prestart, continuing
7 info lifecycle tbd@1.0.0~start: tbd@1.0.0
8 verbose lifecycle tbd@1.0.0~start: unsafe-perm in lifecycle true
9 verbose lifecycle tbd@1.0.0~start: PATH: C:\Program Files\nodejs\node_modules\npm\bin\node-gyp-bin;C:\Users\WStotler\Developer\Test\wnsReact\node_modules\.bin;C:\ProgramData\Oracle\Java\javapath;C:\Windows\system32;C:\Windows;C:\Windows\System32\Wbem;C:\Windows\System32\WindowsPowerShell\v1.0\;C:\Program Files\Microsoft Application Virtualization Client;C:\Program Files\nodejs\;C:\Windows\System32\WindowsPowerShell\v1.0\;C:\Program Files\Git\cmd
10 verbose lifecycle tbd@1.0.0~start: CWD: C:\Users\WStotler\Developer\Test\wnsReact
11 silly lifecycle tbd@1.0.0~start: Args: [ '/d /s /c',
11 silly lifecycle   'webpack-dev-server --port=8080 --inline --content-base .' ]
12 silly lifecycle tbd@1.0.0~start: Returned: code: 3221225786  signal: null
13 info lifecycle tbd@1.0.0~start: Failed to exec start script
14 verbose stack Error: tbd@1.0.0 start: `webpack-dev-server --port=8080 --inline --content-base .`
14 verbose stack Exit status 3221225786
14 verbose stack     at EventEmitter.<anonymous> (C:\Program Files\nodejs\node_modules\npm\lib\utils\lifecycle.js:255:16)
14 verbose stack     at emitTwo (events.js:106:13)
14 verbose stack     at EventEmitter.emit (events.js:191:7)
14 verbose stack     at ChildProcess.<anonymous> (C:\Program Files\nodejs\node_modules\npm\lib\utils\spawn.js:40:14)
14 verbose stack     at emitTwo (events.js:106:13)
14 verbose stack     at ChildProcess.emit (events.js:191:7)
14 verbose stack     at maybeClose (internal/child_process.js:877:16)
14 verbose stack     at Process.ChildProcess._handle.onexit (internal/child_process.js:226:5)
15 verbose pkgid tbd@1.0.0
16 verbose cwd C:\Users\WStotler\Developer\Test\wnsReact
17 error Windows_NT 6.1.7601
18 error argv "C:\\Program Files\\nodejs\\node.exe" "C:\\Program Files\\nodejs\\node_modules\\npm\\bin\\npm-cli.js" "run" "start"
19 error node v6.10.0
20 error npm  v3.10.10
21 error code ELIFECYCLE
22 error tbd@1.0.0 start: `webpack-dev-server --port=8080 --inline --content-base .`
22 error Exit status 3221225786
23 error Failed at the tbd@1.0.0 start script 'webpack-dev-server --port=8080 --inline --content-base .'.
23 error Make sure you have the latest version of node.js and npm installed.
23 error If you do, this is most likely a problem with the tbd package,
23 error not with npm itself.
23 error Tell the author that this fails on your system:
23 error     webpack-dev-server --port=8080 --inline --content-base .
23 error You can get information on how to open an issue for this project with:
23 error     npm bugs tbd
23 error Or if that isn't available, you can get their info via:
23 error     npm owner ls tbd
23 error There is likely additional logging output above.
24 verbose exit [ 1, true ]
